<?xml version="1.0" encoding="UTF-8"?>
<testng-results ignored="0" total="3" passed="3" failed="0" skipped="0">
  <reporter-output>
  </reporter-output>
  <suite started-at="2022-11-22T10:05:52 NPT" name="Suite" finished-at="2022-11-22T10:06:09 NPT" duration-ms="16131">
    <groups>
    </groups>
    <test started-at="2022-11-22T10:05:52 NPT" name="TestOneMsedge" finished-at="2022-11-22T10:06:03 NPT" duration-ms="10851">
      <class name="com.qa.parallel.CrossBrowser">
        <test-method is-config="true" signature="LauchBrowser1(java.lang.String)[pri:0, instance:com.qa.parallel.CrossBrowser@649bec2e]" started-at="2022-11-22T10:05:52 NPT" name="LauchBrowser1" finished-at="2022-11-22T10:05:57 NPT" duration-ms="4504" status="PASS">
          <params>
            <param index="0">
              <value>
                <![CDATA[msedge]]>
              </value>
            </param>
          </params>
          <reporter-output>
          </reporter-output>
        </test-method> <!-- LauchBrowser1 -->
        <test-method signature="verifyTitel1()[pri:0, instance:com.qa.parallel.CrossBrowser@649bec2e]" started-at="2022-11-22T10:05:57 NPT" name="verifyTitel1" finished-at="2022-11-22T10:06:03 NPT" duration-ms="6301" status="PASS">
          <reporter-output>
          </reporter-output>
        </test-method> <!-- verifyTitel1 -->
      </class> <!-- com.qa.parallel.CrossBrowser -->
    </test> <!-- TestOneMsedge -->
    <test started-at="2022-11-22T10:05:52 NPT" name="TestOnChrome" finished-at="2022-11-22T10:06:04 NPT" duration-ms="11552">
      <class name="com.qa.parallel.CrossBrowser">
        <test-method is-config="true" signature="LauchBrowser1(java.lang.String)[pri:0, instance:com.qa.parallel.CrossBrowser@2e222612]" started-at="2022-11-22T10:05:52 NPT" name="LauchBrowser1" finished-at="2022-11-22T10:05:58 NPT" duration-ms="5945" status="PASS">
          <params>
            <param index="0">
              <value>
                <![CDATA[chrome]]>
              </value>
            </param>
          </params>
          <reporter-output>
          </reporter-output>
        </test-method> <!-- LauchBrowser1 -->
        <test-method signature="verifyTitel1()[pri:0, instance:com.qa.parallel.CrossBrowser@2e222612]" started-at="2022-11-22T10:05:58 NPT" name="verifyTitel1" finished-at="2022-11-22T10:06:04 NPT" duration-ms="5572" status="PASS">
          <reporter-output>
          </reporter-output>
        </test-method> <!-- verifyTitel1 -->
      </class> <!-- com.qa.parallel.CrossBrowser -->
    </test> <!-- TestOnChrome -->
    <test started-at="2022-11-22T10:05:52 NPT" name="TestOnFirefox" finished-at="2022-11-22T10:06:09 NPT" duration-ms="16131">
      <class name="com.qa.parallel.CrossBrowser">
        <test-method is-config="true" signature="LauchBrowser1(java.lang.String)[pri:0, instance:com.qa.parallel.CrossBrowser@2accdbb5]" started-at="2022-11-22T10:05:52 NPT" name="LauchBrowser1" finished-at="2022-11-22T10:06:03 NPT" duration-ms="10733" status="PASS">
          <params>
            <param index="0">
              <value>
                <![CDATA[firefox]]>
              </value>
            </param>
          </params>
          <reporter-output>
          </reporter-output>
        </test-method> <!-- LauchBrowser1 -->
        <test-method signature="verifyTitel1()[pri:0, instance:com.qa.parallel.CrossBrowser@2accdbb5]" started-at="2022-11-22T10:06:03 NPT" name="verifyTitel1" finished-at="2022-11-22T10:06:09 NPT" duration-ms="5360" status="PASS">
          <reporter-output>
          </reporter-output>
        </test-method> <!-- verifyTitel1 -->
      </class> <!-- com.qa.parallel.CrossBrowser -->
    </test> <!-- TestOnFirefox -->
  </suite> <!-- Suite -->
</testng-results>
